<?xml version="1.0" encoding="UTF-8"?>
<!-- Generated by org.testng.reporters.JUnitReportReporter -->
<testsuite hostname="DESKTOP-TK7T02D" failures="0" tests="1" name="machinetest.PunchIn" time="6.655" errors="0" timestamp="2024-11-18T00:47:15 IST" skipped="0">
  <testcase classname="machinetest.PunchIn" name="punchIn" time="6.655">
    <system-out>
      <![CDATA[Punch-In element is displayed on the website
Punch In executed.....
Punch In test script executed successfully......]]>
    </system-out>
  </testcase> <!-- punchIn -->
  <system-out>
    <![CDATA[*** Email is VALID ***
*** Password is VALID ***
Login test script executed successfully......
Punch-In element is displayed on the website
Punch In executed.....
Punch In test script executed successfully......
*** Lead Name is VALID ***
*** Reference number is VALID ***
*** Contact person is VALID ***
*** Mobile is VALID ***
*** Email is VALID ***
Add Customer test script executed successfully......]]>
  </system-out>
</testsuite> <!-- machinetest.PunchIn -->
